<?xml version="1.0" encoding="UTF-8"?>
<testng-results ignored="0" total="1" passed="1" failed="0" skipped="0">
  <reporter-output>
  </reporter-output>
  <suite started-at="2025-05-21T20:17:46 IST" name="Default suite" finished-at="2025-05-21T20:17:55 IST" duration-ms="8971">
    <groups>
    </groups>
    <test started-at="2025-05-21T20:17:46 IST" name="Default test" finished-at="2025-05-21T20:17:55 IST" duration-ms="8971">
      <class name="Selenium">
        <test-method signature="test1()[pri:0, instance:Selenium@2dc54ad4]" started-at="2025-05-21T20:17:46 IST" name="test1" finished-at="2025-05-21T20:17:55 IST" duration-ms="8884" status="PASS">
          <reporter-output>
          </reporter-output>
        </test-method> <!-- test1 -->
      </class> <!-- Selenium -->
    </test> <!-- Default test -->
  </suite> <!-- Default suite -->
</testng-results>
